<?xml version="1.0" encoding="UTF-8"?>
<testsuite name="Rick and Morty Test" tests="1" skipped="0" failures="0" errors="0" timestamp="2025-01-31T17:18:32" hostname="DESKTOP-V0MFHDL" time="2.574">
  <properties/>
  <testcase name="Se prueba el funcionamiento de una API de Rick and Morty" classname="Rick and Morty Test" time="2.574"/>
  <system-out><![CDATA[Request method:	GET
Request URI:	https://rickandmortyapi.com/api/character/2
Proxy:			<none>
Request params:	<none>
Query params:	<none>
Form params:	<none>
Path params:	<none>
Headers:		Accept=*/*
				Content-Type=application/json
Cookies:		<none>
Multiparts:		<none>
Body:			<none>
{
    "id": 2,
    "name": "Morty Smith",
    "status": "Alive",
    "species": "Human",
    "type": "",
    "gender": "Male",
    "origin": {
        "name": "unknown",
        "url": ""
    },
    "location": {
        "name": "Citadel of Ricks",
        "url": "https://rickandmortyapi.com/api/location/3"
    },
    "image": "https://rickandmortyapi.com/api/character/avatar/2.jpeg",
    "episode": [
        "https://rickandmortyapi.com/api/episode/1",
        "https://rickandmortyapi.com/api/episode/2",
        "https://rickandmortyapi.com/api/episode/3",
        "https://rickandmortyapi.com/api/episode/4",
        "https://rickandmortyapi.com/api/episode/5",
        "https://rickandmortyapi.com/api/episode/6",
        "https://rickandmortyapi.com/api/episode/7",
        "https://rickandmortyapi.com/api/episode/8",
        "https://rickandmortyapi.com/api/episode/9",
        "https://rickandmortyapi.com/api/episode/10",
        "https://rickandmortyapi.com/api/episode/11",
        "https://rickandmortyapi.com/api/episode/12",
        "https://rickandmortyapi.com/api/episode/13",
        "https://rickandmortyapi.com/api/episode/14",
        "https://rickandmortyapi.com/api/episode/15",
        "https://rickandmortyapi.com/api/episode/16",
        "https://rickandmortyapi.com/api/episode/17",
        "https://rickandmortyapi.com/api/episode/18",
        "https://rickandmortyapi.com/api/episode/19",
        "https://rickandmortyapi.com/api/episode/20",
        "https://rickandmortyapi.com/api/episode/21",
        "https://rickandmortyapi.com/api/episode/22",
        "https://rickandmortyapi.com/api/episode/23",
        "https://rickandmortyapi.com/api/episode/24",
        "https://rickandmortyapi.com/api/episode/25",
        "https://rickandmortyapi.com/api/episode/26",
        "https://rickandmortyapi.com/api/episode/27",
        "https://rickandmortyapi.com/api/episode/28",
        "https://rickandmortyapi.com/api/episode/29",
        "https://rickandmortyapi.com/api/episode/30",
        "https://rickandmortyapi.com/api/episode/31",
        "https://rickandmortyapi.com/api/episode/32",
        "https://rickandmortyapi.com/api/episode/33",
        "https://rickandmortyapi.com/api/episode/34",
        "https://rickandmortyapi.com/api/episode/35",
        "https://rickandmortyapi.com/api/episode/36",
        "https://rickandmortyapi.com/api/episode/37",
        "https://rickandmortyapi.com/api/episode/38",
        "https://rickandmortyapi.com/api/episode/39",
        "https://rickandmortyapi.com/api/episode/40",
        "https://rickandmortyapi.com/api/episode/41",
        "https://rickandmortyapi.com/api/episode/42",
        "https://rickandmortyapi.com/api/episode/43",
        "https://rickandmortyapi.com/api/episode/44",
        "https://rickandmortyapi.com/api/episode/45",
        "https://rickandmortyapi.com/api/episode/46",
        "https://rickandmortyapi.com/api/episode/47",
        "https://rickandmortyapi.com/api/episode/48",
        "https://rickandmortyapi.com/api/episode/49",
        "https://rickandmortyapi.com/api/episode/50",
        "https://rickandmortyapi.com/api/episode/51"
    ],
    "url": "https://rickandmortyapi.com/api/character/2",
    "created": "2017-11-04T18:50:21.651Z"
}
]]></system-out>
  <system-err><![CDATA[[Test worker] INFO steps.RequestSteps - ||| Sending request at 2025/01/31 14:18:33 |||
]]></system-err>
</testsuite>
